<?xml version="1.0" encoding="UTF-8"?>
<testng-results ignored="0" total="1" passed="1" failed="0" skipped="0">
  <reporter-output>
  </reporter-output>
  <suite started-at="2026-04-19T20:54:31 IST" name="Surefire suite" finished-at="2026-04-19T20:54:35 IST" duration-ms="3566">
    <groups>
      <group name="cucumber">
        <method signature="AbstractTestNGCucumberTests.runScenario(io.cucumber.testng.PickleWrapper,io.cucumber.testng.FeatureWrapper)[pri:0, instance:CucumberRunner.TestNGRunner@56de5251]" name="runScenario" class="io.cucumber.testng.AbstractTestNGCucumberTests"/>
      </group> <!-- cucumber -->
    </groups>
    <test started-at="2026-04-19T20:54:31 IST" name="Surefire test" finished-at="2026-04-19T20:54:35 IST" duration-ms="3566">
      <class name="CucumberRunner.TestNGRunner">
        <test-method is-config="true" signature="setUpClass(org.testng.ITestContext)[pri:0, instance:CucumberRunner.TestNGRunner@56de5251]" started-at="2026-04-19T20:54:31 IST" name="setUpClass" finished-at="2026-04-19T20:54:32 IST" duration-ms="279" status="PASS">
          <params>
            <param index="0">
              <value>
                <![CDATA[org.testng.TestRunner@4f3356c0]]>
              </value>
            </param>
          </params>
          <reporter-output>
          </reporter-output>
        </test-method> <!-- setUpClass -->
        <test-method signature="runScenario(io.cucumber.testng.PickleWrapper,io.cucumber.testng.FeatureWrapper)[pri:0, instance:CucumberRunner.TestNGRunner@56de5251]" started-at="2026-04-19T20:54:32 IST" name="runScenario" description="Runs Cucumber Scenarios" data-provider="scenarios" finished-at="2026-04-19T20:54:35 IST" duration-ms="3131" status="PASS">
          <params>
            <param index="0">
              <value>
                <![CDATA["Check all the information added for the newly created owner and pet is correct."]]>
              </value>
            </param>
            <param index="1">
              <value>
                <![CDATA["Home Page Image Verification"]]>
              </value>
            </param>
          </params>
          <reporter-output>
          </reporter-output>
        </test-method> <!-- runScenario -->
        <test-method is-config="true" signature="tearDownClass()[pri:0, instance:CucumberRunner.TestNGRunner@56de5251]" started-at="2026-04-19T20:54:35 IST" name="tearDownClass" finished-at="2026-04-19T20:54:35 IST" duration-ms="144" status="PASS">
          <reporter-output>
          </reporter-output>
        </test-method> <!-- tearDownClass -->
      </class> <!-- CucumberRunner.TestNGRunner -->
    </test> <!-- Surefire test -->
  </suite> <!-- Surefire suite -->
</testng-results>
